<?xml version="1.0" encoding="UTF-8"?>
<testng-results skipped="0" failed="0" ignored="0" total="2" passed="2">
  <reporter-output>
  </reporter-output>
  <suite name="Automation" duration-ms="0" started-at="2017-09-26T14:57:46Z" finished-at="2017-09-26T14:57:46Z">
    <groups>
    </groups>
  </suite> <!-- Automation -->
  <suite name="Check Reservation Case" duration-ms="26646" started-at="2017-09-26T14:57:19Z" finished-at="2017-09-26T14:57:46Z">
    <groups>
    </groups>
    <test name="Check Reservation Test" duration-ms="26646" started-at="2017-09-26T14:57:19Z" finished-at="2017-09-26T14:57:46Z">
      <class name="testCases.CheckReservation">
        <test-method status="PASS" signature="SplashScreen()[pri:0, instance:testCases.CheckReservation@7cd62f43]" name="SplashScreen" is-config="true" duration-ms="7022" started-at="2017-09-26T16:57:19Z" finished-at="2017-09-26T16:57:26Z">
          <reporter-output>
          </reporter-output>
        </test-method> <!-- SplashScreen -->
        <test-method status="PASS" signature="Login()[pri:0, instance:testCases.CheckReservation@7cd62f43]" name="Login" duration-ms="18545" started-at="2017-09-26T16:57:26Z" finished-at="2017-09-26T16:57:45Z">
          <reporter-output>
          </reporter-output>
        </test-method> <!-- Login -->
        <test-method status="PASS" signature="end()[pri:0, instance:testCases.CheckReservation@7cd62f43]" name="end" is-config="true" duration-ms="1079" started-at="2017-09-26T16:57:45Z" finished-at="2017-09-26T16:57:46Z">
          <reporter-output>
          </reporter-output>
        </test-method> <!-- end -->
      </class> <!-- testCases.CheckReservation -->
    </test> <!-- Check Reservation Test -->
  </suite> <!-- Check Reservation Case -->
  <suite name="Login Case" duration-ms="28894" started-at="2017-09-26T14:56:50Z" finished-at="2017-09-26T14:57:19Z">
    <groups>
    </groups>
    <test name="Login Test" duration-ms="28894" started-at="2017-09-26T14:56:50Z" finished-at="2017-09-26T14:57:19Z">
      <class name="testCases.Login">
        <test-method status="PASS" signature="SplashScreen()[pri:0, instance:testCases.Login@224edc67]" name="SplashScreen" is-config="true" duration-ms="9757" started-at="2017-09-26T16:56:50Z" finished-at="2017-09-26T16:57:00Z">
          <reporter-output>
          </reporter-output>
        </test-method> <!-- SplashScreen -->
        <test-method status="PASS" signature="Login()[pri:0, instance:testCases.Login@224edc67]" name="Login" duration-ms="18200" started-at="2017-09-26T16:57:00Z" finished-at="2017-09-26T16:57:18Z">
          <reporter-output>
          </reporter-output>
        </test-method> <!-- Login -->
        <test-method status="PASS" signature="end()[pri:0, instance:testCases.Login@224edc67]" name="end" is-config="true" duration-ms="922" started-at="2017-09-26T16:57:18Z" finished-at="2017-09-26T16:57:19Z">
          <reporter-output>
          </reporter-output>
        </test-method> <!-- end -->
      </class> <!-- testCases.Login -->
    </test> <!-- Login Test -->
  </suite> <!-- Login Case -->
</testng-results>
