<?xml version="1.0" encoding="UTF-8"?>
<testng-results skipped="0" failed="0" ignored="0" total="1" passed="1">
  <reporter-output>
  </reporter-output>
  <suite name="Default suite" duration-ms="27829" started-at="2017-09-26T10:00:06Z" finished-at="2017-09-26T10:00:34Z">
    <groups>
    </groups>
    <test name="Default test" duration-ms="27829" started-at="2017-09-26T10:00:06Z" finished-at="2017-09-26T10:00:34Z">
      <class name="testCases.Login">
        <test-method status="PASS" signature="SplashScreen()[pri:0, instance:testCases.Login@4c70fda8]" name="SplashScreen" is-config="true" duration-ms="8494" started-at="2017-09-26T12:00:06Z" finished-at="2017-09-26T12:00:14Z">
          <reporter-output>
          </reporter-output>
        </test-method> <!-- SplashScreen -->
        <test-method status="PASS" signature="Login()[pri:0, instance:testCases.Login@4c70fda8]" name="Login" duration-ms="18350" started-at="2017-09-26T12:00:14Z" finished-at="2017-09-26T12:00:33Z">
          <reporter-output>
          </reporter-output>
        </test-method> <!-- Login -->
        <test-method status="PASS" signature="end()[pri:0, instance:testCases.Login@4c70fda8]" name="end" is-config="true" duration-ms="969" started-at="2017-09-26T12:00:33Z" finished-at="2017-09-26T12:00:34Z">
          <reporter-output>
          </reporter-output>
        </test-method> <!-- end -->
      </class> <!-- testCases.Login -->
    </test> <!-- Default test -->
  </suite> <!-- Default suite -->
</testng-results>
